1697106939.635676 client started (17342): version 3.0a, socket /tmp/tmux-0/default, protocol 8
1697106939.635696 on Linux 5.3.0-1032-aws #34~18.04.2-Ubuntu SMP Fri Jul 24 10:06:28 UTC 2020; libevent 2.1.11-stable (poll)
1697106939.635711 socket is /tmp/tmux-0/default
1697106939.635719 trying connect
1697106939.635728 connect failed: Connection refused
1697106939.635733 lock file is /tmp/tmux-0/default.lock
1697106939.635765 flock succeeded
1697106939.635768 got lock (6)
1697106939.635774 trying connect
1697106939.635780 connect failed: Connection refused
1697106939.730132 add peer 0x55a650c0cf30: 7 ((nil))
1697106939.730306 sending message 100 to peer 0x55a650c0cf30 (4 bytes)
1697106939.730314 sending message 101 to peer 0x55a650c0cf30 (6 bytes)
1697106939.730319 sending message 102 to peer 0x55a650c0cf30 (12 bytes)
1697106939.730324 sending message 108 to peer 0x55a650c0cf30 (61 bytes)
1697106939.730330 sending message 104 to peer 0x55a650c0cf30 (0 bytes)
1697106939.730336 sending message 107 to peer 0x55a650c0cf30 (4 bytes)
1697106939.730341 sending message 105 to peer 0x55a650c0cf30 (22 bytes)
1697106939.730346 sending message 105 to peer 0x55a650c0cf30 (18 bytes)
1697106939.730351 sending message 105 to peer 0x55a650c0cf30 (65 bytes)
1697106939.730356 sending message 105 to peer 0x55a650c0cf30 (23 bytes)
1697106939.730361 sending message 105 to peer 0x55a650c0cf30 (11 bytes)
1697106939.730366 sending message 105 to peer 0x55a650c0cf30 (17 bytes)
1697106939.730371 sending message 105 to peer 0x55a650c0cf30 (1506 bytes)
1697106939.730382 sending message 105 to peer 0x55a650c0cf30 (34 bytes)
1697106939.730387 sending message 105 to peer 0x55a650c0cf30 (11 bytes)
1697106939.730392 sending message 105 to peer 0x55a650c0cf30 (32 bytes)
1697106939.730397 sending message 105 to peer 0x55a650c0cf30 (8 bytes)
1697106939.730402 sending message 105 to peer 0x55a650c0cf30 (19 bytes)
1697106939.730407 sending message 105 to peer 0x55a650c0cf30 (69 bytes)
1697106939.730412 sending message 105 to peer 0x55a650c0cf30 (16 bytes)
1697106939.730416 sending message 105 to peer 0x55a650c0cf30 (16 bytes)
1697106939.730421 sending message 106 to peer 0x55a650c0cf30 (0 bytes)
1697106939.730427 sending message 200 to peer 0x55a650c0cf30 (4 bytes)
1697106939.730431 client loop enter
1697106948.430091 peer 0x55a650c0cf30 message 207
1697106948.430112 sending message 208 to peer 0x55a650c0cf30 (0 bytes)
1697107139.232001 peer 0x55a650c0cf30 message 210
1697107139.232016 sending message 205 to peer 0x55a650c0cf30 (0 bytes)
1697107139.232305 peer 0x55a650c0cf30 message 204
1697107139.232311 client loop exit
