1697105836.231994 client started (17228): version 3.0a, socket /tmp/tmux-0/test, protocol 8
1697105836.232013 on Linux 5.3.0-1032-aws #34~18.04.2-Ubuntu SMP Fri Jul 24 10:06:28 UTC 2020; libevent 2.1.11-stable (poll)
1697105836.232028 socket is /tmp/tmux-0/test
1697105836.232035 trying connect
1697105836.232048 connect failed: No such file or directory
1697105836.232053 lock file is /tmp/tmux-0/test.lock
1697105836.232086 flock succeeded
1697105836.232089 got lock (6)
1697105836.232098 trying connect
1697105836.232104 connect failed: No such file or directory
1697105836.232306 add peer 0x55f782dc60f0: 7 ((nil))
1697105836.232458 sending message 100 to peer 0x55f782dc60f0 (4 bytes)
1697105836.232468 sending message 101 to peer 0x55f782dc60f0 (6 bytes)
1697105836.232473 sending message 102 to peer 0x55f782dc60f0 (12 bytes)
1697105836.232478 sending message 108 to peer 0x55f782dc60f0 (61 bytes)
1697105836.232483 sending message 104 to peer 0x55f782dc60f0 (0 bytes)
1697105836.232488 sending message 107 to peer 0x55f782dc60f0 (4 bytes)
1697105836.232493 sending message 105 to peer 0x55f782dc60f0 (22 bytes)
1697105836.232497 sending message 105 to peer 0x55f782dc60f0 (18 bytes)
1697105836.232502 sending message 105 to peer 0x55f782dc60f0 (65 bytes)
1697105836.232506 sending message 105 to peer 0x55f782dc60f0 (23 bytes)
1697105836.232511 sending message 105 to peer 0x55f782dc60f0 (11 bytes)
1697105836.232515 sending message 105 to peer 0x55f782dc60f0 (17 bytes)
1697105836.232520 sending message 105 to peer 0x55f782dc60f0 (1506 bytes)
1697105836.232531 sending message 105 to peer 0x55f782dc60f0 (34 bytes)
1697105836.232535 sending message 105 to peer 0x55f782dc60f0 (11 bytes)
1697105836.232539 sending message 105 to peer 0x55f782dc60f0 (32 bytes)
1697105836.232543 sending message 105 to peer 0x55f782dc60f0 (8 bytes)
1697105836.232546 sending message 105 to peer 0x55f782dc60f0 (19 bytes)
1697105836.232548 sending message 105 to peer 0x55f782dc60f0 (69 bytes)
1697105836.232551 sending message 105 to peer 0x55f782dc60f0 (16 bytes)
1697105836.232554 sending message 105 to peer 0x55f782dc60f0 (16 bytes)
1697105836.232557 sending message 106 to peer 0x55f782dc60f0 (0 bytes)
1697105836.232561 cmd_pack_argv: argv[0]=new
1697105836.232564 sending message 200 to peer 0x55f782dc60f0 (8 bytes)
1697105836.232567 client loop enter
1697105844.533214 peer 0x55f782dc60f0 message 207
1697105844.533231 sending message 208 to peer 0x55f782dc60f0 (0 bytes)
1697105872.732079 peer 0x55f782dc60f0 message 210
1697105872.732094 sending message 205 to peer 0x55f782dc60f0 (0 bytes)
1697105872.733287 peer 0x55f782dc60f0 message 204
1697105872.733294 client loop exit
